app/build/outputs/logs/manifest-merger-debug-report.txt
-- Merging decision tree log ---
manifest
ADDED from src\main\AndroidManifest.xml:2:1-201:12
	package
		ADDED from src\main\AndroidManifest.xml:3:5-32
		INJECTED from src\main\AndroidManifest.xml
		INJECTED from src\main\AndroidManifest.xml
	android:versionName
		ADDED from src\main\AndroidManifest.xml:5:5-30
	android:versionCode
		ADDED from src\main\AndroidManifest.xml:4:5-28
		INJECTED from src\main\AndroidManifest.xml
		INJECTED from src\main\AndroidManifest.xml
	xmlns:android
		ADDED from src\main\AndroidManifest.xml:2:11-69
uses-sdk
ADDED from src\main\AndroidManifest.xml:7:5-9:41
MERGED from [com.android.support:support-v4:23.1.1] AndroidManifest.xml:20:5-43
MERGED from [com.android.support:appcompat-v7:23.1.1] AndroidManifest.xml:20:5-43
MERGED from [com.android.support:support-v4:23.1.1] AndroidManifest.xml:20:5-43
MERGED from [org.xutils:xutils:3.2.8] AndroidManifest.xml:8:5-10:41
	android:targetSdkVersion
		ADDED from src\main\AndroidManifest.xml:9:9-38
		INJECTED from src\main\AndroidManifest.xml
		INJECTED from src\main\AndroidManifest.xml
	android:minSdkVersion
		ADDED from src\main\AndroidManifest.xml:8:9-35
		INJECTED from src\main\AndroidManifest.xml
		INJECTED from src\main\AndroidManifest.xml
uses-permission#android.permission.ACCESS_COARSE_LOCATION
ADDED from src\main\AndroidManifest.xml:12:5-13:23
	android:name
		ADDED from src\main\AndroidManifest.xml:12:22-78
uses-permission#android.permission.ACCESS_FINE_LOCATION
ADDED from src\main\AndroidManifest.xml:15:5-16:23
	android:name
		ADDED from src\main\AndroidManifest.xml:15:22-76
uses-permission#android.permission.ACCESS_NETWORK_STATE
ADDED from src\main\AndroidManifest.xml:18:5-19:23
	android:name
		ADDED from src\main\AndroidManifest.xml:18:22-76
uses-permission#android.permission.ACCESS_WIFI_STATE
ADDED from src\main\AndroidManifest.xml:21:5-22:23
	android:name
		ADDED from src\main\AndroidManifest.xml:21:22-73
uses-permission#android.permission.CHANGE_WIFI_STATE
ADDED from src\main\AndroidManifest.xml:24:5-25:23
	android:name
		ADDED from src\main\AndroidManifest.xml:24:22-73
uses-permission#android.permission.CHANGE_NETWORK_STATE
ADDED from src\main\AndroidManifest.xml:27:5-28:23
	android:name
		ADDED from src\main\AndroidManifest.xml:27:22-76
uses-permission#android.permission.INTERNET
ADDED from src\main\AndroidManifest.xml:31:5-32:23
	android:name
		ADDED from src\main\AndroidManifest.xml:31:22-64
uses-permission#android.permission.READ_PHONE_STATE
ADDED from src\main\AndroidManifest.xml:34:5-35:23
	android:name
		ADDED from src\main\AndroidManifest.xml:34:22-72
uses-permission#android.permission.WRITE_EXTERNAL_STORAGE
ADDED from src\main\AndroidManifest.xml:37:5-38:23
	android:name
		ADDED from src\main\AndroidManifest.xml:37:22-78
uses-permission#android.permission.WAKE_LOCK
ADDED from src\main\AndroidManifest.xml:39:5-68
	android:name
		ADDED from src\main\AndroidManifest.xml:39:22-65
uses-permission#android.permission.WRITE_SETTINGS
ADDED from src\main\AndroidManifest.xml:40:5-73
	android:name
		ADDED from src\main\AndroidManifest.xml:40:22-70
uses-permission#android.permission.CAMERA
ADDED from src\main\AndroidManifest.xml:41:5-65
	android:name
		ADDED from src\main\AndroidManifest.xml:41:22-62
uses-feature#android.hardware.camera
ADDED from src\main\AndroidManifest.xml:44:5-60
	android:name
		ADDED from src\main\AndroidManifest.xml:44:19-57
uses-feature#android.hardware.camera.autofocus
ADDED from src\main\AndroidManifest.xml:45:5-70
	android:name
		ADDED from src\main\AndroidManifest.xml:45:19-67
uses-permission#android.permission.SEND_SMS
ADDED from src\main\AndroidManifest.xml:47:5-48:23
	android:name
		ADDED from src\main\AndroidManifest.xml:47:22-64
uses-permission#android.permission.READ_SMS
ADDED from src\main\AndroidManifest.xml:49:5-50:23
	android:name
		ADDED from src\main\AndroidManifest.xml:49:22-64
uses-permission#android.permission.RECEIVE_SMS
ADDED from src\main\AndroidManifest.xml:51:5-52:23
	android:name
		ADDED from src\main\AndroidManifest.xml:51:22-67
uses-permission#android.permission.VIBRATE
ADDED from src\main\AndroidManifest.xml:54:5-66
	android:name
		ADDED from src\main\AndroidManifest.xml:54:22-63
uses-permission#android.permission.FLASHLIGHT
ADDED from src\main\AndroidManifest.xml:55:5-69
	android:name
		ADDED from src\main\AndroidManifest.xml:55:22-66
application
ADDED from src\main\AndroidManifest.xml:57:5-199:19
MERGED from [com.android.support:support-v4:23.1.1] AndroidManifest.xml:22:5-20
MERGED from [com.android.support:appcompat-v7:23.1.1] AndroidManifest.xml:22:5-20
MERGED from [com.android.support:support-v4:23.1.1] AndroidManifest.xml:22:5-20
MERGED from [org.xutils:xutils:3.2.8] AndroidManifest.xml:12:5-20
	android:label
		ADDED from src\main\AndroidManifest.xml:60:9-41
	android:allowBackup
		ADDED from src\main\AndroidManifest.xml:58:9-35
	android:icon
		ADDED from src\main\AndroidManifest.xml:59:9-45
	android:theme
		ADDED from src\main\AndroidManifest.xml:62:9-40
	android:name
		ADDED from src\main\AndroidManifest.xml:61:9-51
meta-data#com.amap.api.v2.apikey
ADDED from src\main\AndroidManifest.xml:66:9-68:64
	android:value
		ADDED from src\main\AndroidManifest.xml:68:13-61
	android:name
		ADDED from src\main\AndroidManifest.xml:67:13-50
activity#com.example.mifen.MainActivity
ADDED from src\main\AndroidManifest.xml:70:9-73:20
	android:label
		ADDED from src\main\AndroidManifest.xml:72:13-45
	android:name
		ADDED from src\main\AndroidManifest.xml:71:13-41
activity#com.ymhd.mifei.sign.signtab
ADDED from src\main\AndroidManifest.xml:74:9-75:20
	android:name
		ADDED from src\main\AndroidManifest.xml:74:19-61
activity#com.ymhd.mifei.sign.signin
ADDED from src\main\AndroidManifest.xml:76:9-77:20
	android:name
		ADDED from src\main\AndroidManifest.xml:76:19-60
activity#com.ymhd.mifei.sign.signup
ADDED from src\main\AndroidManifest.xml:78:9-79:20
	android:name
		ADDED from src\main\AndroidManifest.xml:78:19-60
activity#com.ymhd.main.maintab
ADDED from src\main\AndroidManifest.xml:80:9-88:20
	android:theme
		ADDED from src\main\AndroidManifest.xml:82:13-66
	android:name
		ADDED from src\main\AndroidManifest.xml:81:13-49
intent-filter#android.intent.action.MAIN+android.intent.category.LAUNCHER
ADDED from src\main\AndroidManifest.xml:83:13-87:29
action#android.intent.action.MAIN
ADDED from src\main\AndroidManifest.xml:84:17-69
	android:name
		ADDED from src\main\AndroidManifest.xml:84:25-66
category#android.intent.category.LAUNCHER
ADDED from src\main\AndroidManifest.xml:86:17-77
	android:name
		ADDED from src\main\AndroidManifest.xml:86:27-74
activity#com.ymhd.mifei.sign.signupfory
ADDED from src\main\AndroidManifest.xml:89:9-92:20
	android:theme
		ADDED from src\main\AndroidManifest.xml:91:13-66
	android:name
		ADDED from src\main\AndroidManifest.xml:90:13-58
activity#com.ymhd.main.nearbypage_list
ADDED from src\main\AndroidManifest.xml:93:9-94:20
	android:name
		ADDED from src\main\AndroidManifest.xml:93:19-63
activity#com.ymhd.main.TwoDemisonAcitivity
ADDED from src\main\AndroidManifest.xml:95:9-96:20
	android:name
		ADDED from src\main\AndroidManifest.xml:95:19-67
activity#com.ymhd.main.seachpage
ADDED from src\main\AndroidManifest.xml:97:9-100:20
	android:theme
		ADDED from src\main\AndroidManifest.xml:99:13-66
	android:name
		ADDED from src\main\AndroidManifest.xml:98:13-51
activity#com.ymhd.main.myself
ADDED from src\main\AndroidManifest.xml:101:9-104:20
	android:theme
		ADDED from src\main\AndroidManifest.xml:103:13-66
	android:name
		ADDED from src\main\AndroidManifest.xml:102:13-48
activity#com.ymhd.main.classifypage
ADDED from src\main\AndroidManifest.xml:105:9-106:20
	android:name
		ADDED from src\main\AndroidManifest.xml:105:19-60
activity#com.ymhd.main.homepage
ADDED from src\main\AndroidManifest.xml:107:9-108:20
	android:name
		ADDED from src\main\AndroidManifest.xml:107:19-56
activity#com.ymhd.main.homepage2
ADDED from src\main\AndroidManifest.xml:109:9-110:20
	android:name
		ADDED from src\main\AndroidManifest.xml:109:19-57
activity#com.ymhd.main.shoppingcar
ADDED from src\main\AndroidManifest.xml:111:9-112:20
	android:name
		ADDED from src\main\AndroidManifest.xml:111:19-59
activity#com.ymhd.mifen.setting.mifensetting
ADDED from src\main\AndroidManifest.xml:113:9-116:20
	android:theme
		ADDED from src\main\AndroidManifest.xml:115:13-66
	android:name
		ADDED from src\main\AndroidManifest.xml:114:13-63
activity#com.ymhd.mifen.shopping.commodity_info
ADDED from src\main\AndroidManifest.xml:117:9-120:20
	android:theme
		ADDED from src\main\AndroidManifest.xml:119:13-66
	android:name
		ADDED from src\main\AndroidManifest.xml:118:13-66
activity#com.ymhd.mifen.order.order_info_sure
ADDED from src\main\AndroidManifest.xml:121:9-124:20
	android:theme
		ADDED from src\main\AndroidManifest.xml:123:13-66
	android:name
		ADDED from src\main\AndroidManifest.xml:122:13-64
activity#com.ymhd.mifen.order.order_pay
ADDED from src\main\AndroidManifest.xml:125:9-128:20
	android:theme
		ADDED from src\main\AndroidManifest.xml:127:13-66
	android:name
		ADDED from src\main\AndroidManifest.xml:126:13-58
activity#com.ymhd.mifen.setting.versioninfo
ADDED from src\main\AndroidManifest.xml:129:9-132:20
	android:theme
		ADDED from src\main\AndroidManifest.xml:131:13-66
	android:name
		ADDED from src\main\AndroidManifest.xml:130:13-62
activity#com.ymhd.mifen.myself.collection
ADDED from src\main\AndroidManifest.xml:133:9-136:20
	android:theme
		ADDED from src\main\AndroidManifest.xml:135:13-66
	android:name
		ADDED from src\main\AndroidManifest.xml:134:13-60
activity#com.ymhd.mifen.myself.register
ADDED from src\main\AndroidManifest.xml:137:9-140:20
	android:theme
		ADDED from src\main\AndroidManifest.xml:139:13-66
	android:name
		ADDED from src\main\AndroidManifest.xml:138:13-58
activity#com.ymhd.mifen.myself.sms
ADDED from src\main\AndroidManifest.xml:141:9-144:20
	android:theme
		ADDED from src\main\AndroidManifest.xml:143:13-66
	android:name
		ADDED from src\main\AndroidManifest.xml:142:13-53
activity#com.ymhd.mifen.myself.midouxiangxi
ADDED from src\main\AndroidManifest.xml:145:9-148:20
	android:theme
		ADDED from src\main\AndroidManifest.xml:147:13-66
	android:name
		ADDED from src\main\AndroidManifest.xml:146:13-62
activity#com.ymhd.mifen.shopping.seach_shopping
ADDED from src\main\AndroidManifest.xml:149:9-152:20
	android:theme
		ADDED from src\main\AndroidManifest.xml:151:13-66
	android:name
		ADDED from src\main\AndroidManifest.xml:150:13-66
activity#com.ymhd.mifen.setting.editmyself
ADDED from src\main\AndroidManifest.xml:153:9-156:20
	android:theme
		ADDED from src\main\AndroidManifest.xml:155:13-66
	android:name
		ADDED from src\main\AndroidManifest.xml:154:13-61
activity#com.ymhd.mifen.setting.address
ADDED from src\main\AndroidManifest.xml:157:9-160:20
	android:theme
		ADDED from src\main\AndroidManifest.xml:159:13-66
	android:name
		ADDED from src\main\AndroidManifest.xml:158:13-58
activity#com.ymhd.mifen.setting.newaddress
ADDED from src\main\AndroidManifest.xml:161:9-164:20
	android:theme
		ADDED from src\main\AndroidManifest.xml:163:13-66
	android:name
		ADDED from src\main\AndroidManifest.xml:162:13-61
activity#com.ymhd.mifen.setting.editaddress
ADDED from src\main\AndroidManifest.xml:165:9-168:20
	android:theme
		ADDED from src\main\AndroidManifest.xml:167:13-66
	android:name
		ADDED from src\main\AndroidManifest.xml:166:13-62
activity#com.ymhd.mifen.shopping.commodity_select_type
ADDED from src\main\AndroidManifest.xml:169:9-172:20
	android:theme
		ADDED from src\main\AndroidManifest.xml:171:13-66
	android:name
		ADDED from src\main\AndroidManifest.xml:170:13-73
activity#com.ymhd.mifen.order.takebyselfaddress
ADDED from src\main\AndroidManifest.xml:173:9-176:20
	android:theme
		ADDED from src\main\AndroidManifest.xml:175:13-66
	android:name
		ADDED from src\main\AndroidManifest.xml:174:13-66
activity#com.ymhd.mifen.order.myorderall
ADDED from src\main\AndroidManifest.xml:177:9-180:20
	android:theme
		ADDED from src\main\AndroidManifest.xml:179:13-66
	android:name
		ADDED from src\main\AndroidManifest.xml:178:13-59
activity#com.ymhd.mifen.myself.myhistory
ADDED from src\main\AndroidManifest.xml:181:9-184:20
	android:theme
		ADDED from src\main\AndroidManifest.xml:183:13-66
	android:name
		ADDED from src\main\AndroidManifest.xml:182:13-59
activity#com.ymhd.mifen.myself.friendlytab
ADDED from src\main\AndroidManifest.xml:185:9-188:20
	android:theme
		ADDED from src\main\AndroidManifest.xml:187:13-66
	android:name
		ADDED from src\main\AndroidManifest.xml:186:13-61
activity#com.zxing.android.CaptureActivity
ADDED from src\main\AndroidManifest.xml:189:9-192:20
	android:theme
		ADDED from src\main\AndroidManifest.xml:191:13-66
	android:name
		ADDED from src\main\AndroidManifest.xml:190:13-61
service#com.amap.api.location.APSService
ADDED from src\main\AndroidManifest.xml:194:9-195:19
	android:name
		ADDED from src\main\AndroidManifest.xml:194:18-65
activity#com.ymhd.main.nearbypage
ADDED from src\main\AndroidManifest.xml:196:9-70
	android:name
		ADDED from src\main\AndroidManifest.xml:196:19-58
activity#com.ymhd.main.LocationSourceActivity
ADDED from src\main\AndroidManifest.xml:198:9-82
	android:name
		ADDED from src\main\AndroidManifest.xml:198:19-70